  Main.cpp
  AndroidMotionManager.cpp
  include_juce_core.cpp
  include_juce_data_structures.cpp
  include_juce_events.cpp
  include_juce_graphics.cpp
  include_juce_osc.cpp
\\wsl.localhost\Ubuntu\home\jk4818\projects\SteerableBeamformerApp\Source\Helper.h(42,1): warning C4267: '=': conversion from 'size_t' to 'int', possible loss of data (compiling source file ..\..\Source\Main.cpp)
\\wsl.localhost\Ubuntu\home\jk4818\projects\SteerableBeamformerApp\Source\Hero.h(53,57): warning C4244: 'argument': conversion from 'float' to 'int', possible loss of data (compiling source file ..\..\Source\Main.cpp)
\\wsl.localhost\Ubuntu\home\jk4818\projects\SteerableBeamformerApp\Source\Hero.h(56,32): warning C4244: 'argument': conversion from 'float' to 'int', possible loss of data (compiling source file ..\..\Source\Main.cpp)
\\wsl.localhost\Ubuntu\home\jk4818\projects\SteerableBeamformerApp\Source\Hero.h(59,32): warning C4244: 'argument': conversion from 'float' to 'int', possible loss of data (compiling source file ..\..\Source\Main.cpp)
\\wsl.localhost\Ubuntu\home\jk4818\projects\SteerableBeamformerApp\Source\Hero.h(62,32): warning C4244: 'argument': conversion from 'float' to 'int', possible loss of data (compiling source file ..\..\Source\Main.cpp)
\\wsl.localhost\Ubuntu\home\jk4818\projects\SteerableBeamformerApp\Source\Hero.h(158,82): warning C4244: 'argument': conversion from 'double' to 'float', possible loss of data (compiling source file ..\..\Source\Main.cpp)
\\wsl.localhost\Ubuntu\home\jk4818\projects\SteerableBeamformerApp\Source\Hero.h(158,70): warning C4244: 'argument': conversion from 'double' to 'float', possible loss of data (compiling source file ..\..\Source\Main.cpp)
\\wsl.localhost\Ubuntu\home\jk4818\projects\SteerableBeamformerApp\Source\Hero.h(158,55): warning C4244: 'argument': conversion from 'double' to 'float', possible loss of data (compiling source file ..\..\Source\Main.cpp)
\\wsl.localhost\Ubuntu\home\jk4818\projects\SteerableBeamformerApp\Source\Hero.h(158,40): warning C4244: 'argument': conversion from 'double' to 'float', possible loss of data (compiling source file ..\..\Source\Main.cpp)
\\wsl.localhost\Ubuntu\home\jk4818\projects\SteerableBeamformerApp\Source\Hero.h(160,64): warning C4244: 'argument': conversion from 'double' to 'ValueType', possible loss of data
          with
          [
              ValueType=float
          ] (compiling source file ..\..\Source\Main.cpp)
\\wsl.localhost\Ubuntu\home\jk4818\projects\SteerableBeamformerApp\Source\Hero.h(161,57): warning C4244: 'argument': conversion from 'double' to 'float', possible loss of data (compiling source file ..\..\Source\Main.cpp)
\\wsl.localhost\Ubuntu\home\jk4818\projects\SteerableBeamformerApp\Source\Hero.h(134,176): warning C4100: 'slider': unreferenced formal parameter (compiling source file ..\..\Source\Main.cpp)
\\wsl.localhost\Ubuntu\home\jk4818\projects\SteerableBeamformerApp\Source\Hero.h(142,18): warning C4189: 'rx': local variable is initialized but not referenced (compiling source file ..\..\Source\Main.cpp)
\\wsl.localhost\Ubuntu\home\jk4818\projects\SteerableBeamformerApp\Source\Hero.h(143,18): warning C4189: 'ry': local variable is initialized but not referenced (compiling source file ..\..\Source\Main.cpp)
\\wsl.localhost\Ubuntu\home\jk4818\projects\SteerableBeamformerApp\Source\Hero.h(217,42): warning C4100: 'g': unreferenced formal parameter (compiling source file ..\..\Source\Main.cpp)
\\wsl.localhost\Ubuntu\home\jk4818\projects\SteerableBeamformerApp\Source\Hero.h(234,77): warning C4244: 'argument': conversion from 'double' to 'ValueType', possible loss of data
          with
          [
              ValueType=int
          ] (compiling source file ..\..\Source\Main.cpp)
\\wsl.localhost\Ubuntu\home\jk4818\projects\SteerableBeamformerApp\Source\Control.h(30,124): warning C4244: 'argument': conversion from 'int' to 'float', possible loss of data (compiling source file ..\..\Source\Main.cpp)
\\wsl.localhost\Ubuntu\home\jk4818\projects\SteerableBeamformerApp\Source\Control.h(30,84): warning C4244: 'argument': conversion from 'int' to 'float', possible loss of data (compiling source file ..\..\Source\Main.cpp)
\\wsl.localhost\Ubuntu\home\jk4818\projects\SteerableBeamformerApp\Source\Control.h(30,38): warning C4244: 'argument': conversion from 'double' to 'int', possible loss of data (compiling source file ..\..\Source\Main.cpp)
\\wsl.localhost\Ubuntu\home\jk4818\projects\SteerableBeamformerApp\Source\Control.h(34,69): warning C4244: 'argument': conversion from 'int' to 'ValueType', possible loss of data
          with
          [
              ValueType=float
          ] (compiling source file ..\..\Source\Main.cpp)
\\wsl.localhost\Ubuntu\home\jk4818\projects\SteerableBeamformerApp\Source\Control.h(34,62): warning C4244: 'argument': conversion from 'int' to 'ValueType', possible loss of data
          with
          [
              ValueType=float
          ] (compiling source file ..\..\Source\Main.cpp)
\\wsl.localhost\Ubuntu\home\jk4818\projects\SteerableBeamformerApp\Source\Control.h(34,50): warning C4244: 'argument': conversion from 'int' to 'ValueType', possible loss of data
          with
          [
              ValueType=float
          ] (compiling source file ..\..\Source\Main.cpp)
\\wsl.localhost\Ubuntu\home\jk4818\projects\SteerableBeamformerApp\Source\Control.h(44,82): warning C4244: 'argument': conversion from 'float' to 'int', possible loss of data (compiling source file ..\..\Source\Main.cpp)
\\wsl.localhost\Ubuntu\home\jk4818\projects\SteerableBeamformerApp\Source\Control.h(44,78): warning C4244: 'argument': conversion from 'float' to 'int', possible loss of data (compiling source file ..\..\Source\Main.cpp)
\\wsl.localhost\Ubuntu\home\jk4818\projects\SteerableBeamformerApp\Source\Control.h(45,90): warning C4244: 'argument': conversion from 'float' to 'int', possible loss of data (compiling source file ..\..\Source\Main.cpp)
\\wsl.localhost\Ubuntu\home\jk4818\projects\SteerableBeamformerApp\Source\Control.h(45,85): warning C4244: 'argument': conversion from 'float' to 'int', possible loss of data (compiling source file ..\..\Source\Main.cpp)
\\wsl.localhost\Ubuntu\home\jk4818\projects\SteerableBeamformerApp\Source\Control.h(22,18): warning C4189: 'centreX': local variable is initialized but not referenced (compiling source file ..\..\Source\Main.cpp)
\\wsl.localhost\Ubuntu\home\jk4818\projects\SteerableBeamformerApp\Source\Control.h(66,112): warning C4244: 'argument': conversion from 'int' to 'ValueType', possible loss of data
          with
          [
              ValueType=float
          ] (compiling source file ..\..\Source\Main.cpp)
\\wsl.localhost\Ubuntu\home\jk4818\projects\SteerableBeamformerApp\Source\Control.h(60,21): warning C4100: 'slider': unreferenced formal parameter (compiling source file ..\..\Source\Main.cpp)
\\wsl.localhost\Ubuntu\home\jk4818\projects\SteerableBeamformerApp\Source\Control.h(59,39): warning C4100: 'style': unreferenced formal parameter (compiling source file ..\..\Source\Main.cpp)
\\wsl.localhost\Ubuntu\home\jk4818\projects\SteerableBeamformerApp\Source\Control.h(58,39): warning C4100: 'maxSliderPos': unreferenced formal parameter (compiling source file ..\..\Source\Main.cpp)
\\wsl.localhost\Ubuntu\home\jk4818\projects\SteerableBeamformerApp\Source\Control.h(58,19): warning C4100: 'minSliderPos': unreferenced formal parameter (compiling source file ..\..\Source\Main.cpp)
\\wsl.localhost\Ubuntu\home\jk4818\projects\SteerableBeamformerApp\Source\Control.h(57,17): warning C4100: 'width': unreferenced formal parameter (compiling source file ..\..\Source\Main.cpp)
\\wsl.localhost\Ubuntu\home\jk4818\projects\SteerableBeamformerApp\Source\Control.h(56,53): warning C4100: 'x': unreferenced formal parameter (compiling source file ..\..\Source\Main.cpp)
\\wsl.localhost\Ubuntu\home\jk4818\projects\SteerableBeamformerApp\Source\Control.h(99,30): warning C4100: 'g': unreferenced formal parameter (compiling source file ..\..\Source\Main.cpp)
\\wsl.localhost\Ubuntu\home\jk4818\projects\SteerableBeamformerApp\Source\HearingAid.h(25,114): warning C4244: 'argument': conversion from 'ValueType' to 'int', possible loss of data
          with
          [
              ValueType=float
          ] (compiling source file ..\..\Source\Main.cpp)
\\wsl.localhost\Ubuntu\home\jk4818\projects\SteerableBeamformerApp\Source\HearingAid.h(25,91): warning C4244: 'argument': conversion from 'ValueType' to 'int', possible loss of data
          with
          [
              ValueType=float
          ] (compiling source file ..\..\Source\Main.cpp)
\\wsl.localhost\Ubuntu\home\jk4818\projects\SteerableBeamformerApp\Source\HearingAid.h(25,69): warning C4244: 'argument': conversion from 'ValueType' to 'int', possible loss of data
          with
          [
              ValueType=float
          ] (compiling source file ..\..\Source\Main.cpp)
\\wsl.localhost\Ubuntu\home\jk4818\projects\SteerableBeamformerApp\Source\HearingAid.h(25,51): warning C4244: 'argument': conversion from 'ValueType' to 'int', possible loss of data
          with
          [
              ValueType=float
          ] (compiling source file ..\..\Source\Main.cpp)
\\wsl.localhost\Ubuntu\home\jk4818\projects\SteerableBeamformerApp\Source\HearingAid.h(28,63): warning C4100: 'height': unreferenced formal parameter (compiling source file ..\..\Source\Main.cpp)
\\wsl.localhost\Ubuntu\home\jk4818\projects\SteerableBeamformerApp\Source\HearingAid.h(28,52): warning C4100: 'width': unreferenced formal parameter (compiling source file ..\..\Source\Main.cpp)
\\wsl.localhost\Ubuntu\home\jk4818\projects\SteerableBeamformerApp\Source\HearingAid.h(36,60): warning C4100: 'height': unreferenced formal parameter (compiling source file ..\..\Source\Main.cpp)
\\wsl.localhost\Ubuntu\home\jk4818\projects\SteerableBeamformerApp\Source\HearingAid.h(36,49): warning C4100: 'width': unreferenced formal parameter (compiling source file ..\..\Source\Main.cpp)
\\wsl.localhost\Ubuntu\home\jk4818\projects\SteerableBeamformerApp\Source\HearingAid.h(54,92): warning C4100: 'backgroundColour': unreferenced formal parameter (compiling source file ..\..\Source\Main.cpp)
\\wsl.localhost\Ubuntu\home\jk4818\projects\SteerableBeamformerApp\Source\HearingAid.h(71,75): warning C4100: 'isMouseOverButton': unreferenced formal parameter (compiling source file ..\..\Source\Main.cpp)
\\wsl.localhost\Ubuntu\home\jk4818\projects\SteerableBeamformerApp\Source\HearingAid.h(188,54): warning C4244: 'argument': conversion from 'float' to 'ValueType', possible loss of data
          with
          [
              ValueType=int
          ] (compiling source file ..\..\Source\Main.cpp)
\\wsl.localhost\Ubuntu\home\jk4818\projects\SteerableBeamformerApp\Source\HearingAid.h(188,84): warning C4244: 'argument': conversion from 'double' to 'ValueType', possible loss of data
          with
          [
              ValueType=int
          ] (compiling source file ..\..\Source\Main.cpp)
\\wsl.localhost\Ubuntu\home\jk4818\projects\SteerableBeamformerApp\Source\HearingAid.h(204,58): warning C4244: 'argument': conversion from 'float' to 'ValueType', possible loss of data
          with
          [
              ValueType=int
          ] (compiling source file ..\..\Source\Main.cpp)
\\wsl.localhost\Ubuntu\home\jk4818\projects\SteerableBeamformerApp\Source\HearingAid.h(206,69): warning C4244: 'argument': conversion from 'double' to 'ValueType', possible loss of data
          with
          [
              ValueType=int
          ] (compiling source file ..\..\Source\Main.cpp)
\\wsl.localhost\Ubuntu\home\jk4818\projects\SteerableBeamformerApp\Source\HearingAid.h(210,59): warning C4244: 'argument': conversion from 'float' to 'ValueType', possible loss of data
          with
          [
              ValueType=int
          ] (compiling source file ..\..\Source\Main.cpp)
\\wsl.localhost\Ubuntu\home\jk4818\projects\SteerableBeamformerApp\Source\HearingAid.h(210,126): warning C4244: 'argument': conversion from 'double' to 'ValueType', possible loss of data
          with
          [
              ValueType=int
          ] (compiling source file ..\..\Source\Main.cpp)
\\wsl.localhost\Ubuntu\home\jk4818\projects\SteerableBeamformerApp\Source\HearingAid.h(217,58): warning C4244: 'argument': conversion from 'float' to 'ValueType', possible loss of data
          with
          [
              ValueType=int
          ] (compiling source file ..\..\Source\Main.cpp)
\\wsl.localhost\Ubuntu\home\jk4818\projects\SteerableBeamformerApp\Source\HearingAid.h(218,66): warning C4244: 'argument': conversion from 'float' to 'ValueType', possible loss of data
          with
          [
              ValueType=int
          ] (compiling source file ..\..\Source\Main.cpp)
\\wsl.localhost\Ubuntu\home\jk4818\projects\SteerableBeamformerApp\Source\HearingAid.h(221,57): warning C4244: 'argument': conversion from 'float' to 'ValueType', possible loss of data
          with
          [
              ValueType=int
          ] (compiling source file ..\..\Source\Main.cpp)
\\wsl.localhost\Ubuntu\home\jk4818\projects\SteerableBeamformerApp\Source\HearingAid.h(221,77): warning C4244: 'argument': conversion from 'float' to 'ValueType', possible loss of data
          with
          [
              ValueType=int
          ] (compiling source file ..\..\Source\Main.cpp)
\\wsl.localhost\Ubuntu\home\jk4818\projects\SteerableBeamformerApp\Source\HearingAid.h(264,80): warning C4244: '=': conversion from 'double' to 'int', possible loss of data (compiling source file ..\..\Source\Main.cpp)
\\wsl.localhost\Ubuntu\home\jk4818\projects\SteerableBeamformerApp\Source\HearingAid.h(268,73): warning C4244: '=': conversion from 'double' to 'int', possible loss of data (compiling source file ..\..\Source\Main.cpp)
\\wsl.localhost\Ubuntu\home\jk4818\projects\SteerableBeamformerApp\Source\HearingAid.h(289,33): warning C4244: 'initializing': conversion from 'float' to 'int', possible loss of data (compiling source file ..\..\Source\Main.cpp)
\\wsl.localhost\Ubuntu\home\jk4818\projects\SteerableBeamformerApp\Source\HearingAid.h(305,85): warning C4244: '=': conversion from 'float' to 'int', possible loss of data (compiling source file ..\..\Source\Main.cpp)
\\wsl.localhost\Ubuntu\home\jk4818\projects\SteerableBeamformerApp\Source\HearingAid.h(306,85): warning C4244: '=': conversion from 'float' to 'int', possible loss of data (compiling source file ..\..\Source\Main.cpp)
  include_juce_gui_basics.cpp
  Hearing Aid App_App.vcxproj -> \\wsl.localhost\Ubuntu\home\jk4818\projects\SteerableBeamformerApp\Builds\VisualStudio2019\x64\Debug\App\Hearing Aid App.exe
